Using pre-set license
Built from '2020.3/release' branch; Version is '2020.3.34f1 (9a4c9c70452b) revision 10112156'; Using compiler version '192528614'; Build Type 'Release'
OS: 'Windows 10  (10.0.19044) 64bit Enterprise' Language: 'en' Physical Memory: 32574 MB
BatchMode: 1, IsHumanControllingUs: 0, StartBugReporterOnCrash: 0, Is64bit: 1, IsPro: 0

COMMAND LINE ARGUMENTS:
C:\Users\rfedorOV\Documents\Unitys\2020.3.34f1\Editor\Unity.exe
-adb2
-batchMode
-noUpm
-name
AssetImportWorker10
-projectPath
C:/Users/rfedorOV/Documents/projects/UnityArchitecture/0_unity_project
-logFile
Logs/AssetImportWorker10.log
-srvPort
63743
Successfully changed project path to: C:/Users/rfedorOV/Documents/projects/UnityArchitecture/0_unity_project
C:/Users/rfedorOV/Documents/projects/UnityArchitecture/0_unity_project
Using Asset Import Pipeline V2.
Refreshing native plugins compatible for Editor in 81.84 ms, found 3 plugins.
Preloading 0 native plugins for Editor in 0.00 ms.
Initialize engine version: 2020.3.34f1 (9a4c9c70452b)
[Subsystems] Discovering subsystems at path C:/Users/rfedorOV/Documents/Unitys/2020.3.34f1/Editor/Data/Resources/UnitySubsystems
[Subsystems] Discovering subsystems at path C:/Users/rfedorOV/Documents/projects/UnityArchitecture/0_unity_project/Assets
GfxDevice: creating device client; threaded=0
Direct3D:
    Version:  Direct3D 11.0 [level 11.1]
    Renderer: NVIDIA Quadro T2000 (ID=0x1fb8)
    Vendor:   
    VRAM:     3962 MB
    Driver:   30.0.15.1179
Initialize mono
Mono path[0] = 'C:/Users/rfedorOV/Documents/Unitys/2020.3.34f1/Editor/Data/Managed'
Mono path[1] = 'C:/Users/rfedorOV/Documents/Unitys/2020.3.34f1/Editor/Data/MonoBleedingEdge/lib/mono/unityjit'
Mono config path = 'C:/Users/rfedorOV/Documents/Unitys/2020.3.34f1/Editor/Data/MonoBleedingEdge/etc'
Using monoOptions --debugger-agent=transport=dt_socket,embedding=1,server=y,suspend=n,address=127.0.0.1:56380
Begin MonoManager ReloadAssembly
Registering precompiled unity dll's ...
Register platform support module: C:/Users/rfedorOV/Documents/Unitys/2020.3.34f1/Editor/Data/PlaybackEngines/WindowsStandaloneSupport/UnityEditor.WindowsStandalone.Extensions.dll
Registered in 0.001788 seconds.
Native extension for WindowsStandalone target not found
Refreshing native plugins compatible for Editor in 66.48 ms, found 3 plugins.
Preloading 0 native plugins for Editor in 0.00 ms.
Mono: successfully reloaded assembly
- Completed reload, in  0.599 seconds
Domain Reload Profiling:
	ReloadAssembly (599ms)
		BeginReloadAssembly (66ms)
			ExecutionOrderSort (0ms)
			DisableScriptedObjects (0ms)
			BackupInstance (0ms)
			ReleaseScriptingObjects (0ms)
			CreateAndSetChildDomain (1ms)
		EndReloadAssembly (463ms)
			LoadAssemblies (64ms)
			RebuildTransferFunctionScriptingTraits (0ms)
			SetupTypeCache (143ms)
			ReleaseScriptCaches (0ms)
			RebuildScriptCaches (35ms)
			SetupLoadedEditorAssemblies (191ms)
				LogAssemblyErrors (0ms)
				InitializePlatformSupportModulesInManaged (5ms)
				SetLoadedEditorAssemblies (0ms)
				RefreshPlugins (67ms)
				BeforeProcessingInitializeOnLoad (12ms)
				ProcessInitializeOnLoadAttributes (80ms)
				ProcessInitializeOnLoadMethodAttributes (27ms)
				AfterProcessingInitializeOnLoad (0ms)
				EditorAssembliesLoaded (0ms)
			ExecutionOrderSort2 (0ms)
			AwakeInstancesAfterBackupRestoration (0ms)
Platform modules already initialized, skipping
Registering precompiled user dll's ...
Registered in 0.025250 seconds.
Begin MonoManager ReloadAssembly
Native extension for WindowsStandalone target not found
Refreshing native plugins compatible for Editor in 0.67 ms, found 3 plugins.
Preloading 0 native plugins for Editor in 0.00 ms.
Assertion failed on expression: 'gRemoteAssetCache != nullptr'
UnityEngine.StackTraceUtility:ExtractStackTrace ()
CheckEditorCommands:.cctor () (at Assets/Scripts/Editor/CheckEditorCommands.cs:15)
System.Runtime.CompilerServices.RuntimeHelpers:RunClassConstructor (System.RuntimeTypeHandle)
UnityEditor.EditorAssemblies:ProcessInitializeOnLoadAttributes (System.Type[])

[Assets/Scripts/Editor/CheckEditorCommands.cs line 15]

Assertion failed on expression: 'gRemoteAssetCacheOnDemand != nullptr'
UnityEngine.StackTraceUtility:ExtractStackTrace ()
CheckEditorCommands:.cctor () (at Assets/Scripts/Editor/CheckEditorCommands.cs:15)
System.Runtime.CompilerServices.RuntimeHelpers:RunClassConstructor (System.RuntimeTypeHandle)
UnityEditor.EditorAssemblies:ProcessInitializeOnLoadAttributes (System.Type[])

[Assets/Scripts/Editor/CheckEditorCommands.cs line 15]

Assertion failed on expression: 'm_Ptr'
UnityEngine.StackTraceUtility:ExtractStackTrace ()
CheckEditorCommands:.cctor () (at Assets/Scripts/Editor/CheckEditorCommands.cs:15)
System.Runtime.CompilerServices.RuntimeHelpers:RunClassConstructor (System.RuntimeTypeHandle)
UnityEditor.EditorAssemblies:ProcessInitializeOnLoadAttributes (System.Type[])

[Assets/Scripts/Editor/CheckEditorCommands.cs line 15]

Received signal SIGSEGV
Stack trace:
0x00007ff78daf6d95 (Unity) RefreshSettings
0x00007ff78de764d4 (Unity) AssetDatabase_CUSTOM_RefreshSettings
0x00000122801d14c5 (Mono JIT Code) (wrapper managed-to-native) UnityEditor.AssetDatabase:RefreshSettings ()
0x00000122801d098b (Mono JIT Code) [CheckEditorCommands.cs:15] CheckEditorCommands:.cctor () 
0x00000122801d0c45 (Mono JIT Code) (wrapper runtime-invoke) object:runtime_invoke_void (object,intptr,intptr,intptr)
0x00007ffdade4f1e0 (mono-2.0-bdwgc) [mini-runtime.c:2849] mono_jit_runtime_invoke 
0x00007ffdaddd2ac2 (mono-2.0-bdwgc) [object.c:2921] do_runtime_invoke 
0x00007ffdadddb1dc (mono-2.0-bdwgc) [object.c:477] mono_runtime_class_init_full 
0x00007ffdadd88d3e (mono-2.0-bdwgc) [icall.c:990] ves_icall_System_Runtime_CompilerServices_RuntimeHelpers_RunClassConstructor 
0x0000012280156917 (Mono JIT Code) (wrapper managed-to-native) System.Runtime.CompilerServices.RuntimeHelpers:RunClassConstructor (intptr)
0x00000122801567eb (Mono JIT Code) System.Runtime.CompilerServices.RuntimeHelpers:RunClassConstructor (System.RuntimeTypeHandle)
0x0000012280155a9b (Mono JIT Code) UnityEditor.EditorAssemblies:ProcessInitializeOnLoadAttributes (System.Type[])
0x000001227ff1d7bb (Mono JIT Code) (wrapper runtime-invoke) <Module>:runtime_invoke_void_object (object,intptr,intptr,intptr)
0x00007ffdade4f1e0 (mono-2.0-bdwgc) [mini-runtime.c:2849] mono_jit_runtime_invoke 
0x00007ffdaddd2ac2 (mono-2.0-bdwgc) [object.c:2921] do_runtime_invoke 
0x00007ffdadddbb1f (mono-2.0-bdwgc) [object.c:2968] mono_runtime_invoke 
0x00007ff78cb93bb4 (Unity) scripting_method_invoke
0x00007ff78cb8ed71 (Unity) ScriptingInvocation::Invoke
0x00007ff78cb889e5 (Unity) ScriptingInvocation::Invoke<void>
0x00007ff78be3fed3 (Unity) Scripting::UnityEditor::EditorAssembliesProxy::ProcessInitializeOnLoadAttributes
0x00007ff78cb670bb (Unity) MonoManager::SetupLoadedEditorAssemblies
0x00007ff78cb5de81 (Unity) MonoManager::EndReloadAssembly
0x00007ff78cb64fe7 (Unity) MonoManager::ReloadAssembly
0x00007ff78d8930d1 (Unity) LoadDomainAndUserAssemblies
0x00007ff78d893739 (Unity) LoadUserAssemblies
0x00007ff78d574f24 (Unity) Application::InitializeProject
0x00007ff78d9f3e82 (Unity) WinMain
0x00007ff78f096f9e (Unity) __scrt_common_main_seh
0x00007ffe3b4c7034 (KERNEL32) BaseThreadInitThunk
0x00007ffe3c2a2651 (ntdll) RtlUserThreadStart

